<?xml version="1.0" encoding="UTF-8"?>
<!-- Generated by org.testng.reporters.JUnitXMLReporter -->
<testsuite ignored="0" hostname="Sheriff" failures="0" tests="6" name="Test" time="68.83" errors="0" timestamp="2024-04-25T11:14:49 MDT">
  <testcase classname="ecommerce.LoginTestEcommerce" name="LoginFailureTest" time="2.16"/>
  <testcase classname="ecommerce.LoginTestEcommerce" name="LoginSuccessTest" time="0.824"/>
  <testcase classname="Riffygio.TestNgProject.HomePageTest" name="ValidateSearchTest" time="1.545"/>
  <testcase classname="ecommerce.ProductTest" name="AddToCartTest" time="1.047"/>
  <testcase classname="Riffygio.TestNgProject.LoginTest" name="LoginFailureTest" time="8.647"/>
  <testcase classname="Riffygio.TestNgProject.LoginTest" name="LoginSuccessTest" time="5.638"/>
</testsuite> <!-- Test -->
