<?xml version="1.0" encoding="UTF-8"?>
<testng-results ignored="0" total="6" passed="6" failed="0" skipped="0">
  <reporter-output>
  </reporter-output>
  <suite started-at="2024-04-25T11:13:40 MDT" name="Suite" finished-at="2024-04-25T11:14:49 MDT" duration-ms="68830">
    <groups>
    </groups>
    <test started-at="2024-04-25T11:13:40 MDT" name="Test" finished-at="2024-04-25T11:14:49 MDT" duration-ms="68830">
      <class name="Riffygio.TestNgProject.LoginTest">
        <test-method is-config="true" signature="SetUp()[pri:0, instance:Riffygio.TestNgProject.LoginTest@d86a6f]" started-at="2024-04-25T11:14:23 MDT" name="SetUp" finished-at="2024-04-25T11:14:28 MDT" duration-ms="5069" status="PASS">
          <reporter-output>
          </reporter-output>
        </test-method> <!-- SetUp -->
        <test-method signature="LoginFailureTest()[pri:0, instance:Riffygio.TestNgProject.LoginTest@d86a6f]" started-at="2024-04-25T11:14:28 MDT" name="LoginFailureTest" finished-at="2024-04-25T11:14:37 MDT" duration-ms="8647" status="PASS">
          <reporter-output>
          </reporter-output>
        </test-method> <!-- LoginFailureTest -->
        <test-method is-config="true" signature="TearDown()[pri:0, instance:Riffygio.TestNgProject.LoginTest@d86a6f]" started-at="2024-04-25T11:14:37 MDT" name="TearDown" finished-at="2024-04-25T11:14:37 MDT" duration-ms="445" status="PASS">
          <reporter-output>
          </reporter-output>
        </test-method> <!-- TearDown -->
        <test-method is-config="true" signature="SetUp()[pri:0, instance:Riffygio.TestNgProject.LoginTest@d86a6f]" started-at="2024-04-25T11:14:37 MDT" name="SetUp" finished-at="2024-04-25T11:14:42 MDT" duration-ms="5199" status="PASS">
          <reporter-output>
          </reporter-output>
        </test-method> <!-- SetUp -->
        <test-method signature="LoginSuccessTest()[pri:0, instance:Riffygio.TestNgProject.LoginTest@d86a6f]" started-at="2024-04-25T11:14:42 MDT" name="LoginSuccessTest" finished-at="2024-04-25T11:14:48 MDT" duration-ms="5638" status="PASS">
          <reporter-output>
          </reporter-output>
        </test-method> <!-- LoginSuccessTest -->
        <test-method is-config="true" signature="TearDown()[pri:0, instance:Riffygio.TestNgProject.LoginTest@d86a6f]" started-at="2024-04-25T11:14:48 MDT" name="TearDown" finished-at="2024-04-25T11:14:49 MDT" duration-ms="613" status="PASS">
          <reporter-output>
          </reporter-output>
        </test-method> <!-- TearDown -->
      </class> <!-- Riffygio.TestNgProject.LoginTest -->
      <class name="Riffygio.TestNgProject.HomePageTest">
        <test-method is-config="true" signature="SetUp()[pri:0, instance:Riffygio.TestNgProject.HomePageTest@63376bed]" started-at="2024-04-25T11:14:09 MDT" name="SetUp" finished-at="2024-04-25T11:14:15 MDT" duration-ms="6072" status="PASS">
          <reporter-output>
          </reporter-output>
        </test-method> <!-- SetUp -->
        <test-method signature="ValidateSearchTest()[pri:0, instance:Riffygio.TestNgProject.HomePageTest@63376bed]" started-at="2024-04-25T11:14:15 MDT" name="ValidateSearchTest" finished-at="2024-04-25T11:14:16 MDT" duration-ms="1545" status="PASS">
          <reporter-output>
          </reporter-output>
        </test-method> <!-- ValidateSearchTest -->
        <test-method is-config="true" signature="TearDown()[pri:0, instance:Riffygio.TestNgProject.HomePageTest@63376bed]" started-at="2024-04-25T11:14:16 MDT" name="TearDown" finished-at="2024-04-25T11:14:17 MDT" duration-ms="541" status="PASS">
          <reporter-output>
          </reporter-output>
        </test-method> <!-- TearDown -->
      </class> <!-- Riffygio.TestNgProject.HomePageTest -->
      <class name="ecommerce.LoginTestEcommerce">
        <test-method is-config="true" signature="SetUp()[pri:0, instance:ecommerce.LoginTestEcommerce@6bd61f98]" started-at="2024-04-25T11:13:40 MDT" name="SetUp" finished-at="2024-04-25T11:14:01 MDT" duration-ms="20738" status="PASS">
          <reporter-output>
          </reporter-output>
        </test-method> <!-- SetUp -->
        <test-method signature="LoginFailureTest()[pri:0, instance:ecommerce.LoginTestEcommerce@6bd61f98]" started-at="2024-04-25T11:14:01 MDT" name="LoginFailureTest" finished-at="2024-04-25T11:14:03 MDT" duration-ms="2160" status="PASS">
          <reporter-output>
          </reporter-output>
        </test-method> <!-- LoginFailureTest -->
        <test-method is-config="true" signature="TearDown()[pri:0, instance:ecommerce.LoginTestEcommerce@6bd61f98]" started-at="2024-04-25T11:14:03 MDT" name="TearDown" finished-at="2024-04-25T11:14:03 MDT" duration-ms="505" status="PASS">
          <reporter-output>
          </reporter-output>
        </test-method> <!-- TearDown -->
        <test-method is-config="true" signature="SetUp()[pri:0, instance:ecommerce.LoginTestEcommerce@6bd61f98]" started-at="2024-04-25T11:14:03 MDT" name="SetUp" finished-at="2024-04-25T11:14:08 MDT" duration-ms="4264" status="PASS">
          <reporter-output>
          </reporter-output>
        </test-method> <!-- SetUp -->
        <test-method signature="LoginSuccessTest()[pri:0, instance:ecommerce.LoginTestEcommerce@6bd61f98]" started-at="2024-04-25T11:14:08 MDT" name="LoginSuccessTest" finished-at="2024-04-25T11:14:08 MDT" duration-ms="824" status="PASS">
          <reporter-output>
          </reporter-output>
        </test-method> <!-- LoginSuccessTest -->
        <test-method is-config="true" signature="TearDown()[pri:0, instance:ecommerce.LoginTestEcommerce@6bd61f98]" started-at="2024-04-25T11:14:08 MDT" name="TearDown" finished-at="2024-04-25T11:14:09 MDT" duration-ms="519" status="PASS">
          <reporter-output>
          </reporter-output>
        </test-method> <!-- TearDown -->
      </class> <!-- ecommerce.LoginTestEcommerce -->
      <class name="ecommerce.ProductTest">
        <test-method is-config="true" signature="SetUp()[pri:0, instance:ecommerce.ProductTest@4145bad8]" started-at="2024-04-25T11:14:17 MDT" name="SetUp" finished-at="2024-04-25T11:14:21 MDT" duration-ms="4246" status="PASS">
          <reporter-output>
          </reporter-output>
        </test-method> <!-- SetUp -->
        <test-method signature="AddToCartTest()[pri:0, instance:ecommerce.ProductTest@4145bad8]" started-at="2024-04-25T11:14:21 MDT" name="AddToCartTest" finished-at="2024-04-25T11:14:22 MDT" duration-ms="1047" status="PASS">
          <reporter-output>
          </reporter-output>
        </test-method> <!-- AddToCartTest -->
        <test-method is-config="true" signature="TearDown()[pri:0, instance:ecommerce.ProductTest@4145bad8]" started-at="2024-04-25T11:14:22 MDT" name="TearDown" finished-at="2024-04-25T11:14:23 MDT" duration-ms="609" status="PASS">
          <reporter-output>
          </reporter-output>
        </test-method> <!-- TearDown -->
      </class> <!-- ecommerce.ProductTest -->
    </test> <!-- Test -->
  </suite> <!-- Suite -->
</testng-results>
